<?xml version="1.0" encoding="UTF-8"?>
<robot generator="Robot 4.0.3 (Python 3.8.5 on linux)" generated="20210527 15:38:44.967" rpa="false" schemaversion="2">
<suite id="s1" name="Login" source="/home/npml/Projetos/Python/Robot_Framework/robotfw-selenium/tests/login.robot">
<test id="s1-t1" name="Login com sucesso">
<kw name="Inicia sessão" library="basePage" type="SETUP">
<kw name="Open Browser" library="Selenium2Library">
<arg>${url}</arg>
<arg>${browser}</arg>
<doc>Opens a new browser instance to the optional ``url``.</doc>
<msg timestamp="20210527 15:38:45.212" level="INFO">Opening browser 'Chrome' to base url 'http://165.227.93.41/lojinha-web'.</msg>
<kw name="Capture Page Screenshot" library="Selenium2Library">
<doc>Takes a screenshot of the current page and embeds it into a log file.</doc>
<msg timestamp="20210527 15:38:46.528" level="INFO">Cannot capture screenshot because no browser is open.</msg>
<status status="PASS" starttime="20210527 15:38:46.527" endtime="20210527 15:38:46.528"/>
</kw>
<msg timestamp="20210527 15:38:46.529" level="FAIL">SessionNotCreatedException: Message: session not created: This version of ChromeDriver only supports Chrome version 86
Current browser version is 90.0.4430.72 with binary path /usr/bin/google-chrome
</msg>
<status status="FAIL" starttime="20210527 15:38:45.212" endtime="20210527 15:38:46.529"/>
</kw>
<kw name="Maximize Browser Window" library="Selenium2Library">
<doc>Maximizes current browser window.</doc>
<status status="NOT RUN" starttime="20210527 15:38:46.530" endtime="20210527 15:38:46.530"/>
</kw>
<kw name="Get DateTime" library="basePage">
<var>${_date_}</var>
<status status="NOT RUN" starttime="20210527 15:38:46.530" endtime="20210527 15:38:46.530"/>
</kw>
<kw name="Set Global Variable" library="BuiltIn">
<arg>${path}</arg>
<arg>./log/screenshots/${_date_}</arg>
<doc>Makes a variable available globally in all tests and suites.</doc>
<status status="NOT RUN" starttime="20210527 15:38:46.530" endtime="20210527 15:38:46.531"/>
</kw>
<status status="FAIL" starttime="20210527 15:38:45.211" endtime="20210527 15:38:46.531"/>
</kw>
<kw name="Encerra sessão" library="basePage" type="TEARDOWN">
<kw name="Screenshot" library="basePage">
<arg>picture</arg>
<kw name="Set Screenshot Directory" library="Selenium2Library">
<arg>${path}</arg>
<doc>Sets the directory for captured screenshots.</doc>
<msg timestamp="20210527 15:38:46.533" level="FAIL">Variable '${path}' not found.</msg>
<status status="FAIL" starttime="20210527 15:38:46.532" endtime="20210527 15:38:46.533"/>
</kw>
<kw name="Capture Page Screenshot" library="Selenium2Library">
<arg>${filename}.${file_type}</arg>
<doc>Takes a screenshot of the current page and embeds it into a log file.</doc>
<msg timestamp="20210527 15:38:46.534" level="INFO">Cannot capture screenshot because no browser is open.</msg>
<status status="PASS" starttime="20210527 15:38:46.533" endtime="20210527 15:38:46.534"/>
</kw>
<kw name="Get DateTime" library="basePage">
<var>${_date_}</var>
<kw name="Get Current Date" library="DateTime">
<var>${current_date}</var>
<arg>result_format=%d.%m.%Y_%H.%M.%S</arg>
<doc>Returns current local or UTC time with an optional increment.</doc>
<msg timestamp="20210527 15:38:46.536" level="INFO">${current_date} = 27.05.2021_15.38.46</msg>
<status status="PASS" starttime="20210527 15:38:46.536" endtime="20210527 15:38:46.536"/>
</kw>
<msg timestamp="20210527 15:38:46.537" level="INFO">${_date_} = 27.05.2021_15.38.46</msg>
<status status="PASS" starttime="20210527 15:38:46.535" endtime="20210527 15:38:46.537"/>
</kw>
<kw name="Log To Console" library="BuiltIn">
<arg>\nDate of execution: ${_date_}</arg>
<doc>Logs the given message to the console.</doc>
<status status="PASS" starttime="20210527 15:38:46.538" endtime="20210527 15:38:46.538"/>
</kw>
<status status="FAIL" starttime="20210527 15:38:46.532" endtime="20210527 15:38:46.538"/>
</kw>
<kw name="Close Browser" library="Selenium2Library">
<doc>Closes the current browser.</doc>
<status status="PASS" starttime="20210527 15:38:46.539" endtime="20210527 15:38:46.539"/>
</kw>
<status status="FAIL" starttime="20210527 15:38:46.531" endtime="20210527 15:38:46.539">Variable '${path}' not found.</status>
</kw>
<status status="FAIL" starttime="20210527 15:38:45.211" endtime="20210527 15:38:46.539">Setup failed:
SessionNotCreatedException: Message: session not created: This version of ChromeDriver only supports Chrome version 86
Current browser version is 90.0.4430.72 with binary path /usr/bin/google-chrome


Also teardown failed:
Variable '${path}' not found.</status>
</test>
<test id="s1-t2" name="Login inválido">
<kw name="Inicia sessão" library="basePage" type="SETUP">
<kw name="Open Browser" library="Selenium2Library">
<arg>${url}</arg>
<arg>${browser}</arg>
<doc>Opens a new browser instance to the optional ``url``.</doc>
<msg timestamp="20210527 15:38:46.545" level="INFO">Opening browser 'Chrome' to base url 'http://165.227.93.41/lojinha-web'.</msg>
<kw name="Capture Page Screenshot" library="Selenium2Library">
<doc>Takes a screenshot of the current page and embeds it into a log file.</doc>
<msg timestamp="20210527 15:38:47.958" level="INFO">Cannot capture screenshot because no browser is open.</msg>
<status status="PASS" starttime="20210527 15:38:47.957" endtime="20210527 15:38:47.959"/>
</kw>
<msg timestamp="20210527 15:38:47.961" level="FAIL">SessionNotCreatedException: Message: session not created: This version of ChromeDriver only supports Chrome version 86
Current browser version is 90.0.4430.72 with binary path /usr/bin/google-chrome
</msg>
<status status="FAIL" starttime="20210527 15:38:46.544" endtime="20210527 15:38:47.962"/>
</kw>
<kw name="Maximize Browser Window" library="Selenium2Library">
<doc>Maximizes current browser window.</doc>
<status status="NOT RUN" starttime="20210527 15:38:47.963" endtime="20210527 15:38:47.963"/>
</kw>
<kw name="Get DateTime" library="basePage">
<var>${_date_}</var>
<status status="NOT RUN" starttime="20210527 15:38:47.964" endtime="20210527 15:38:47.965"/>
</kw>
<kw name="Set Global Variable" library="BuiltIn">
<arg>${path}</arg>
<arg>./log/screenshots/${_date_}</arg>
<doc>Makes a variable available globally in all tests and suites.</doc>
<status status="NOT RUN" starttime="20210527 15:38:47.965" endtime="20210527 15:38:47.966"/>
</kw>
<status status="FAIL" starttime="20210527 15:38:46.544" endtime="20210527 15:38:47.966"/>
</kw>
<kw name="Encerra sessão" library="basePage" type="TEARDOWN">
<kw name="Screenshot" library="basePage">
<arg>picture</arg>
<kw name="Set Screenshot Directory" library="Selenium2Library">
<arg>${path}</arg>
<doc>Sets the directory for captured screenshots.</doc>
<msg timestamp="20210527 15:38:47.970" level="FAIL">Variable '${path}' not found.</msg>
<status status="FAIL" starttime="20210527 15:38:47.969" endtime="20210527 15:38:47.971"/>
</kw>
<kw name="Capture Page Screenshot" library="Selenium2Library">
<arg>${filename}.${file_type}</arg>
<doc>Takes a screenshot of the current page and embeds it into a log file.</doc>
<msg timestamp="20210527 15:38:47.972" level="INFO">Cannot capture screenshot because no browser is open.</msg>
<status status="PASS" starttime="20210527 15:38:47.971" endtime="20210527 15:38:47.972"/>
</kw>
<kw name="Get DateTime" library="basePage">
<var>${_date_}</var>
<kw name="Get Current Date" library="DateTime">
<var>${current_date}</var>
<arg>result_format=%d.%m.%Y_%H.%M.%S</arg>
<doc>Returns current local or UTC time with an optional increment.</doc>
<msg timestamp="20210527 15:38:47.974" level="INFO">${current_date} = 27.05.2021_15.38.47</msg>
<status status="PASS" starttime="20210527 15:38:47.973" endtime="20210527 15:38:47.974"/>
</kw>
<msg timestamp="20210527 15:38:47.975" level="INFO">${_date_} = 27.05.2021_15.38.47</msg>
<status status="PASS" starttime="20210527 15:38:47.973" endtime="20210527 15:38:47.975"/>
</kw>
<kw name="Log To Console" library="BuiltIn">
<arg>\nDate of execution: ${_date_}</arg>
<doc>Logs the given message to the console.</doc>
<status status="PASS" starttime="20210527 15:38:47.976" endtime="20210527 15:38:47.976"/>
</kw>
<status status="FAIL" starttime="20210527 15:38:47.968" endtime="20210527 15:38:47.977"/>
</kw>
<kw name="Close Browser" library="Selenium2Library">
<doc>Closes the current browser.</doc>
<status status="PASS" starttime="20210527 15:38:47.977" endtime="20210527 15:38:47.978"/>
</kw>
<status status="FAIL" starttime="20210527 15:38:47.967" endtime="20210527 15:38:47.978">Variable '${path}' not found.</status>
</kw>
<status status="FAIL" starttime="20210527 15:38:46.543" endtime="20210527 15:38:47.979">Setup failed:
SessionNotCreatedException: Message: session not created: This version of ChromeDriver only supports Chrome version 86
Current browser version is 90.0.4430.72 with binary path /usr/bin/google-chrome


Also teardown failed:
Variable '${path}' not found.</status>
</test>
<status status="FAIL" starttime="20210527 15:38:45.119" endtime="20210527 15:38:47.984"/>
</suite>
<statistics>
<total>
<stat pass="0" fail="2" skip="0">All Tests</stat>
</total>
<tag>
</tag>
<suite>
<stat pass="0" fail="2" skip="0" id="s1" name="Login">Login</stat>
</suite>
</statistics>
<errors>
</errors>
</robot>
